<?xml version="1.0" encoding="UTF-8"?>
<!-- Generated by org.testng.reporters.JUnitXMLReporter -->
<testsuite hostname="Suuresh-PC" ignored="0" name="Default test" tests="2" failures="0" timestamp="18 May 2018 03:12:21 GMT" time="0.298" errors="0">
  <testcase name="@BeforeClass startProcess" time="0.0" classname="com.automation.AutomationPractice.TC001_PurchaseTwoItems">
    <failure type="org.testng.TestNGException" message="
Parameter &amp;apos;browser&amp;apos; is required by BeforeClass on method startProcess but has not been marked @Optional or defined
in C:\Users\Suuresh\AppData\Local\Temp\testng-eclipse--2092935085\testng-customsuite.xml">
      <![CDATA[org.testng.TestNGException: 
Parameter 'browser' is required by BeforeClass on method startProcess but has not been marked @Optional or defined
in C:\Users\Suuresh\AppData\Local\Temp\testng-eclipse--2092935085\testng-customsuite.xml
at org.testng.internal.Parameters.createParams(Parameters.java:290)
at org.testng.internal.Parameters.createParametersForMethod(Parameters.java:359)
at org.testng.internal.Parameters.createParameters(Parameters.java:620)
at org.testng.internal.Parameters.createConfigurationParameters(Parameters.java:190)
at org.testng.internal.Invoker.invokeConfigurations(Invoker.java:209)
at org.testng.internal.Invoker.invokeConfigurations(Invoker.java:142)
at org.testng.internal.TestMethodWorker.invokeBeforeClassMethods(TestMethodWorker.java:168)
at org.testng.internal.TestMethodWorker.run(TestMethodWorker.java:105)
at org.testng.TestRunner.privateRun(TestRunner.java:648)
at org.testng.TestRunner.run(TestRunner.java:505)
at org.testng.SuiteRunner.runTest(SuiteRunner.java:455)
at org.testng.SuiteRunner.runSequentially(SuiteRunner.java:450)
at org.testng.SuiteRunner.privateRun(SuiteRunner.java:415)
at org.testng.SuiteRunner.run(SuiteRunner.java:364)
at org.testng.SuiteRunnerWorker.runSuite(SuiteRunnerWorker.java:52)
at org.testng.SuiteRunnerWorker.run(SuiteRunnerWorker.java:84)
at org.testng.TestNG.runSuitesSequentially(TestNG.java:1208)
at org.testng.TestNG.runSuitesLocally(TestNG.java:1137)
at org.testng.TestNG.runSuites(TestNG.java:1049)
at org.testng.TestNG.run(TestNG.java:1017)
at org.testng.remote.AbstractRemoteTestNG.run(AbstractRemoteTestNG.java:114)
at org.testng.remote.RemoteTestNG.initAndRun(RemoteTestNG.java:251)
at org.testng.remote.RemoteTestNG.main(RemoteTestNG.java:77)
]]>
    </failure>
  </testcase> <!-- @BeforeClass startProcess -->
  <testcase name="@AfterMethod tearDown" time="0.0" classname="com.automation.AutomationPractice.BasePage.BasePage">
    <skipped/>
  </testcase> <!-- @AfterMethod tearDown -->
  <testcase name="@AfterMethod tearDown" time="0.0" classname="com.automation.AutomationPractice.BasePage.BasePage">
    <skipped/>
  </testcase> <!-- @AfterMethod tearDown -->
  <testcase name="@AfterClass endProcess" time="0.0" classname="com.automation.AutomationPractice.TC001_PurchaseTwoItems">
    <skipped/>
  </testcase> <!-- @AfterClass endProcess -->
  <testcase name="@AfterTest endReport" time="0.0" classname="com.automation.AutomationPractice.BasePage.Reports">
    <skipped/>
  </testcase> <!-- @AfterTest endReport -->
  <testcase name="customerLogin" time="0.0" classname="com.automation.AutomationPractice.TC001_PurchaseTwoItems">
    <skipped/>
  </testcase> <!-- customerLogin -->
  <testcase name="purchaseTwoItems" time="0.0" classname="com.automation.AutomationPractice.TC001_PurchaseTwoItems">
    <skipped/>
  </testcase> <!-- purchaseTwoItems -->
</testsuite> <!-- Default test -->
